1516522795
4G IDENTITY SOLUTIONS	42
4G INFORMATICS	4
77 Infosystems Pvt Ltd	811
A I Soc for Electronics and Comp Tech	2144
A-Onerealtors Pvt Ltd	5749
A3 Logics  India  Ltd	10
ADC Aboi	34
ADC BOLENG	35
ADC Bhandari	49
ADC Chozuba	50
ADC Medziphema	29
ADC Meluri	20
ADC Naginimora	108
ADC Niuland	9
ADC Pungro	248
ADC RUMGONG	11
ADC Tamlu	4
ADC Tening	22
ADC Tizit	52
ADC Tobu	27
ADC Tseminyu	1
ADC ZIRO SADAR	112
ADDITIONAL DEPUTY COM JAIRAMPUR	17
ADDITIONAL DEPUTY COMMISSIONER  BORDUMSA	250
AISECT Limited	10674
AKSH OPTIFIBRE LIMITED	2500
APEX Services	1162
APOnline Limited	205
ATISHAY INFOTECH PVT. LTD.	1953
AVVAS INFOTECH PVT  LTD	35172
Aayam Enterprises	123
Abha Systems And Consultancy	2842
Abhipra Capital Ltd	103
Academy of Management Studies	2
Administration of DNH	311
Advent Infomax Private Ltd	50
Agro Tech Engineers	474
Aizawl Urban CDPO	130
Akanksha International	1
Akhil Bhartiya Majdoor Shiksha Sewa Samiti	1237
Akshaya	47866
Alankit Assignments Limited	21
Alankit Finsec Ltd	235
Alankit Life Care Ltd	3
Alankit Limited	11078
Amar Constructions	421
Apnatech Consultancy Services Pvt Ltd	11881
Arya bandhu herbs and durgs private limited	7
Asha Security Guard Services	6219
Asray Gram	159
Atalji Janasnehi Directorate  GOK	15026
Axis Bank Ltd	552
BASIX	57
BHAVANAGAR MC	349
BNK Capital Markets Limited	5153
BNR UDYOG LIMITED	6
BUSINESS INFORMATION PROCESSING SERVICES	1
Bandhan Bank Ltd	83
Baroda UP Gramin Bank	107
Bhartiya Manav Kalyan Parishad	1
Bhaswa Computer Science Pvt. Ltd.	1972
Binary Systems	3
Bloom Solutions Pvt Ltd	4066
Blue Circle Instrument	2494
Business Information Processing Services	3
CALANCE SOFTWARE PRIVATE LTD	118
CDPO Tezu ICDS	87
CHESSY CONSULTANTS PVT LTD	3
CHIPS	11720
CIRCLE OFFICER PIYONG	83
CIRCLE OFFICER TAWANG	296
CMS Computers Ltd	144
CO  SARLI	94
CO JOMLO MOBUK	37
CO PANGIN	21
CO REBO PERGING	7
COMAT TECHNOLOGIES P LTD	7
COMTECH INSTITUTE OFTECHNOLOGY	4819
COMTECHINFO SOLUTIONS PVT.LTD	22636
CSC SPV	203049
CSC e Gov	4398
CSC e-Governance Services India Limited	132
CSS TECHNERGY LIMITED	14
Care Educational & Welfare Society	583
CatholicSyrian Bank	75
Centre for e-Governance  GOK	4378
Chief Post Master General  Maharashtra Circle Mumbai	29
Chinar Construction Company Prime agency	15095
Circle Officer  Roing1	173
Circle Officer Toru	490
Citizencenter Technologies Pvt Ltd	807
City Hawks Manpower Services & Consultancy	97
CityUnion Bank Limited	948
Clairvoyance Technologies Pvt.	1
Commissioner of school   Gujarat	1879
Compro Systems & Services	1232
Computer LAB	16779
Computer Print	3
Conatus Infocom Pvt. Ltd	11
Corporate India Facilities Pvt Ltd	1648
D.C. Champhai	651
DARWIN SOCIETY	820
DATASOFT COMPUTER SERVICES(P)	6389
DC  Phek	50
DC Dimapur	278
DC Kiphire	96
DC Kohima	406
DC Longleng	82
DC Lunglei	919
DC Mamit	270
DC Mokokchung	116
DC Mon	120
DC Peren	11
DC Serchhip	80
DC Siaha	223
DC Tuensang	600
DC Wokha	112
DC Zunheboto	92
DC office Aalo	300
DCB Bank Ltd	58
DDSE Daporijo	308
DDSE Lohit	97
DDSE Pasighat	427
DEPUTY COMMISSIONER CHANGLANG	509
DEPUTY DIRECTOR OF SCHOOL EDUCATION SEPPA	202
DFCSO  Tezu	60
DFCSO Anjaw	196
DHS  A&N Islands	81
DIT Lakshadweep	84
DSO STAT NAMSAI	192
Delhi Integrated MMTS Ltd	10
Department of Economics Statistics  Monitoring and Evaluation DESME	282
Department of Health & Family Welfare  Punjab	938
Department of IT  Chandigarh	1231
Department of IT  Govt. of HP	1871
Department of Information Technology and e-Gov  Government of Jharkhand	1318
Department of Posts  Tamilnadu	80
Department of WCD  Haryana	258
Deptt Of Economics & Statistics Tirap	444
Deptt. Of Economics & Statistics  Anini	19
Deputy Commissioner  Aizawl	945
Deputy Commissioner  Lawngtlai	898
Deputy Commissioner  Longding	265
Deputy Commissioner Kolasib	507
Deputy Director of School Education	340
Dharma Enterprises	418
Digitcom Systems Pvt. Ltd.	25
Director  Woman and Child Development  Govt. of Himachal Pradesh	150
Director ICDS  Women & Child Development  Govt. of Gujarat	4521
Director of primary education   Gujarat	9623
Directorate of ESD	14270
Directorate of Public Health and Family Welfare  Govt of Andhra Pradesh	261
Directorate of Secondary Education  Haryana	82
Directorate of Women & Child Department  Govt Of Goa	48
Dist E-seva Society Anand	2196
Dist. E-seva Society Morbi	760
District E-Seva Society	111
District E-Seva Society Gandhinagar	991
District E-Seva Society Gurgaon	35
District E-Seva Society Mehsana	1116
District E-Seva Society Navsari	1099
District E-Seva Society Panchmahals Godhra	789
District E-Seva Society Surat	302
District Family & Welfare Society  Ambala	18
District Family & Welfare Society Faridabad	84
District Family & Welfare Society Gurgaon	49
District Family & Welfare Society Mewat	39
District Family & Welfare Society Palwal	22
District Family & Welfare Society Rewari	78
District Family and Welfare Society  Kaithal	60
District Family and Welfare Society  Karnal	25
District Family and Welfare Society Bhiwani	52
District Family and Welfare Society Narnaul	11
District Family and Welfare Society Panchkula	54
District Family and Welfare Society Panipat	69
District Family and Welfare Society Rohtak	31
District Family and Welfare Society Yamuna Nagar	38
District Health & Family Welfare Society  Hisar	92
District Health & Family Welfare Society  Kurukshetra	31
District Health & Family Welfare Society  Sonipat	64
District Health &Family and Welfare Society Jind.	10
District Health and Family Welfare Society  Jhajjar	37
District Health and Family Welfare Society Fatehabad	24
District IT Society Ambala	236
District IT Society Bhiwani	118
District IT Society Faridabad	446
District IT Society Fatehabad	261
District IT Society Gurgaon	935
District IT Society Hisar	375
District IT Society Jhajjar	72
District IT Society Kaithal	68
District IT Society Karnal	171
District IT Society Kurukshetra	101
District IT Society Mahendragarh	270
District IT Society Mewat	500
District IT Society Palwal	31
District IT Society Panchkula	250
District IT Society Panipat	182
District IT Society Rewari	5
District IT Society Rohtak	124
District IT Society Sirsa	253
District IT Society Sonipat	151
District IT Society Yamuna Nagar	223
District Magistrate &  Collector  Dhalai District	247
District Magistrate & Collector  Gomati District	229
District Magistrate & Collector  Khowai District	176
District Magistrate & Collector  NorthTripura District	431
District Magistrate & Collector  South Tripura	188
District Magistrate & Collector  Unakoti  District	154
District Magistrate & Collector  West Tripura District	674
District Magistrate & Collector Sepahijala District	282
District Registrar Births & De rths cum Chief Medical Officer  Lahaul spiti	2
District Registrar Births & Deaths cum Chief Medical Officer  Mandi	15
District Registrar Births & Deaths cum Chief Medical Officer  Shimla	15
District Registrar Births & Deaths cum Chief Medical Officer  Sirmour	9
District Registrar Births & Deaths cum Chief Medical Officer  Solan	9
District Registrar Births & Deaths cum Chief Medical Officer  Una	19
District Registrar Births & Deaths cum Chief Medical Officer Bilaspur	10
District Registrar Births & Deaths cum Chief Medical Officer Chamba	4
District Registrar Births & Deaths cum Chief Medical Officer Hamirpur	18
District Registrar Births & Deaths cum Chief Medical Officer Kangra	35
District Registrar Births & Deaths cum Chief Medical Officer Kullu	12
District Sukhmani Society  Jalandhar  Punjab	1
District Sukhmani Society Bathinda Punjab	3
District Sukhmani Society Fatehgarh Sahib Punjab	378
District Sukhmani Society For Citizen Services Mansa Punjab	178
District Sukhmani Society For Citizen Services Nawanshahr Punjab	1
District Sukhmani Society Sangrur Punjab	185
District Sukhmani Society Tarn Taran Punjab	4
District e-Seva Society Botad	287
Diwakar Commercials Pvt Ltd	3
E Seva Society UID Kheda Nadiad	1953
E-Seva Society Amreli	900
E-Seva Society Arvalli	352
E-Seva Society Bhavnagar	1111
E-Seva Society Collector Office Tapi Vyara	256
E-Seva Society Jamnagar	498
E-Seva Society Junagadh	628
E-Seva Society Narmada Rajpipla	599
E-Seva Society Porbandar	258
E-Seva Society Surendranagar	947
E-Seva Society UID Bharuch	1039
E-Seva Society UID Patan	642
EAC FI DA CHONGKHAM	85
EAC LEKANG	143
EAC OFFICE KAYING/CO PAYUM	48
EAC PEGING BOTE	38
EAC office Tirbin	4
ECIL	1
EDCS GOK	15075
EXTRA ASSISTANT COMMISSIONER DIYUN	135
Eagle Software India Pvt. Ltd	5119
Eagle press pvt ltd	1
Ecartes Technology Pvt. Ltd	1188
Electronic Service Delivery	7616
Electronics Corporation of Tamil Nadu Limited	23208
Emdee Digitronics Pvt.Ltd.	16283
Estex Telecom Pvt Ltd	33
Excel Technovation Pvt. Ltd	6
Extra Assistant Commissioner Itanagar	317
Extra Assistant Commissioner Naharlagun	181
Extra Assistant Commissioner Yingkiong	498
FINANCIAL INFORMATION NETWORK	525
Frontech Systems Pvt Ltd	1484
GDC Advertising Pvt. Limited	4
GLODYNE TECHNOSERVE	6
GSS Infotech Ltd	10
Global Finsol Private Limited	19
Gouthami Educational Society	5
GrapeSoft	1
Gujarat Infotech Ltd.	5711
HDFC Bank Limited	2
HI-TECH CONTROLS	1167
Home Life Buildcon Pvt Ltd	58
HyperSoft Technologies Ltd	3
IAP COMPANY Pvt. Ltd	11673
ICICI Bank Ltd	90
IL&FS LTD	32
INDIA	6334
INFRONICS SYSTEMS LTD	25
IPS e Services Pvt Ltd	12480
In Media Computer Services LLP	1613
Indian Bank	141
Indotech Engineering Products	5087
Integra Micro Systems Pvt.ltd	7
Integrated Systems & Services	1
Intelligent Communication Sys India Ltd	1
J & K Bank	2102
JNET Technologies Pvt.Ltd	3
Jamnagar MC	956
Janta Silikon Consortium	138
Jeevan Deep Charitable Society	1401
Jilla E-Seva Society Rajkot	578
Jilla E-Seva Society Sabarkantha	1307
Jilla E-Seva Society Vadodara	419
Jilla E-Seva Society Valsad	844
Jilla E-seva Sadan  Dahod	1253
Jilla E-seva Society Banaskantha	2600
Jilla e-SEVA Society Devbhoomi Dwarka	148
Jilla e-SEVA society Gir Somnath	283
Junagadh MC	366
K W Consulting P Ltd	1
KDS Services Private Limited	41
KRISHNAURAM SHIKSHA EVAM JAN KALYAN SAMITI	54
KarurVysya Bank	2041
Karvy Computershare Private Li	45
Karvy Data Management Services	19154
Keltron	4
Kotak Mahindra Bank	564
Kyros soft Tech Ltd	434
LYRA  CONSULTANCY SERVICE	2059
Lankipalli Integrated Services Private Limited	260
Late Smt. Nirmala Singh Seva Samiti	3497
Layman Education Society	85
M/S KING COMPUTER SYSTEM PVT LTD	12
M/S STAR DATA CENTRE	169
M/s AFORESERVE.COM LTD	1303
M/s Gold Square Builders & Promoters Pvt. Ltd.	1154
M/s Highway Construction Company	3132
M/s Sanish Choudhary	3334
M/s Smit Advertisers Pvt. Ltd.	691
M/s TAVASYA VENTURE PARTNERS PVT. LTD.	4703
M/s. Goa Electronics Ltd	833
M/s. Vidya Online  Pune	2
M2C Private Solution	374
MACRO INFOTECH PVT LTD	15
MANTRA SOFTTECH (INDIA) PVTLTD	12
MARS Telecom Systems Pvt Ltd	895
MEGHA VINCOM PVT LTD	1566
MKS Enterprises	8672
MPOnline Limited	15066
Madhya Pradesh State Electronics Development Corporation Ltd.	3826
Madras Security Printers Ltd	74
Mahamritunjay Traders	1483
Mahanagar Seva Sadan Vadodara	2648
Mahaonline Limited	67625
Mahisagar Lunawala	764
Make India Smart Private Limited	4400
Manipur Electronics Dev Corp	2075
Matrix Processing House	5155
Maxout Infra & Arizon Infocom Consortium	2
Mphasis Ltd	3
Multiwave Innovation	11
Municipal Corporation Ahmedabad	5538
Municipal Corporation Gandhinagar	706
Munish Kumar Bansal Contractor	602
N.K. Sharma Enterprises Ltd.	84
NPS Technologies Pvt. Ltd	155
NVR & ASSOCIATES LIMITED	1442
Narayana Electricals Solution Pvt Ltd	3
National Cooperative Consumers Federation of India Limited	1931
Nekton IT India Pvt Ltd.	548
Netlink software Pvt Ltd	4738
Netwing Technologies Pvt Ltd	1
Network for Information & Computer Technology	41
Nevaeh Technology Pvt. Ltd.	8745
Nielsen  India  Private Limited	5121
Ninestars Information Technologies Ltd	3
OSWAL COMPUTERS & CONSULTANTS	3883
Obel projects Pvt Ltd	1
Office of the CO Palin	93
Offshoot Agency Pvt. Ltd.	54
Ojus G Enterprises	259
Ojus Healthcare Private Limited	1889
Om Softwares	460
Omnitech Infosolutions Ltd	107
Organisation for Development Integrated Social & Health Action  ODISHA	965
Origin ITFS Pvt Ltd	3
Orion Security Solutions Private Ltd	820
Osiris Infotech Pvt. Ltd.	36
PRADIK IMPEX PRIVATE LIMITED	127
PROTEX COMPUTER PVT LTD	709
PROWIZ MANSYTEMS PVT LTD	6
Patel Computer Education	21
Path Darshan Sewa Sansthan	26
Pho-com-net Pvt. Ltd.	212
Pioneer E Labs limited	1
Planning and Research Department	716
Prakash Computer Services	152
Prodigy Systems and Services Private Limited	1
Promind Solutions P Limited	28
Punjab State Child Protection Society of Department of Social Security and Women & Child Developmen	2890
Punjab State e- Governance Society	14455
Quick Data IT Services Pvt Ltd	1
R R Traders	72
RBS multisolutions private limited	9016
RELIGARE SECURITIES LTD	4617
RS ENTERPRISES	335
Radiant Haroti Industries India Ltd	391
Raj Construction Co.	143
Rajcomp Info Services Ltd	43760
Rajkot Municipal Corporation	1523
Redim Software Technologies Pvt Ltd	1
Ricoh India Limited	1
Rosmerta technoliges Limited	1
Rural Environment & Water Assets Reproductive Development Society	2
S.J. Technologies	1
SAR Technology	2
SARADA SYSTEMS	4644
SDO Angjangyang	20
SDO C Chen	61
SDO C Jalukie	95
SDO C Ralan	4
SDO Kuhuboto	13
SDO Phomching	57
SDO Wakching	25
SGS INDIA PVT LTD	193
SHREERAM PRINTING PRESS	1
SHRIKRISHNA KHANDASARI SUGAR M	5
SILVER JUBILEE MOTORS LTD.	1
SKY KING	21
SNR Edatas Pvt Ltd	2441
SPANCO	7
SREEVEN INFOCOM LIMITED	475
SREI INFRASTRUCTURE FINANCES L	23437
SRM Education And Social Welfare Society	5113
SRM Techsol Pvt. Ltd.	645
SRR Infotech	6
STRATEGIC OUTSOURCING SERVICE	24
SUNNY CONTRACTORS & ENGINEERS PVT LTD	1262
SVG Express Services Pvt Ltd	1364
SWISSTECH NPR 57CR PROJECT PVT	5
Sahaj e-Village Limited	6
Saket Advertising Pvt. Ltd	26
Sant Naval Institute of Information Technology	271
Sarvalabh Global Foundation	5169
Seva Society Collector Kutch	2412
Shiva Trust Aurangabad	197
Shubh Enterprises	1020
Silver Touch Technologies Ltd	355
Sixth Dimension Project Solutions Ltd	2806
Smart Chip Limited	113
Smart ID	2
Soc for Advancement of Environ Science	1
Social Welfare Deptt. Govt of Bihar	377
SoftAge Information Technology Limited	232
South Indian Bank	413
Special Secretary Home Govt. of Manipur	43
Squaria Global India Private Limited	7214
Sri Ramraja Sarkar Lok Kalyan Trust	298
State Health Society	662
State Project Director SSA  Department of Education JK	97
Steel City Securities Limited	1911
Super Printers	30
Surat Municipal Corporation	2513
Swathy Smartcards Hi-Tech Pvt	107
Swiss Tech India Pvt Ltd	1
Synapses Solutions Private Limited	37
Syndicate Bank	2266
Systematic & Advance Const P L	12
TAMILNADU ARASU CABLE TV CORPORATION LTD	27547
TRANSACTION ANALYSTS INDIA PVT LTD	4898
Tamil Nadu Mercantile Bank	68
TechSmart India Pvt Ltd	32
Techno Bytes Information Pvt. Ltd	27
Tera Software Ltd	68
The Chief Postmaster General  West Bengal Circle	2
The NSIC ltd	1
The Peerless General Finance	3
The chief postmaster General Odisha Circle Bhubaneswar	4
Transline Technologies P Ltd	118
Twinstar Industries Ltd.	15491
UID e-Seva Society Ahmedabad	1061
UIDAI-EA	680
UMC Technologies Pvt. Ltd	5
UNITED DATA SERVICES PRIVATE LIMITED	405
UP Circle  Department of Post	18
UT Computers Educational & Welfare Soc	1864
UT of Daman and Diu	416
UTI TECHNOLOGY SERVICES LIMITE	5
United Telecoms Ltd	8090
United Telecoms e-Services Pvt Ltd	3
Urmila Info solution	439
Utility Forms Pvt Ltd	10158
V P SOFTWARES PRIVATE LIMITED	554
VAP INFOSOLUTIONS	2970
VEETECHNOLOGIES PVT. LTD	6061
VIKALP MULTIMEDIA	2
VIRGO SOFTECH LIMITED	52
VISESH INFOTECNICS LIMITED	7
VISION COMPTECH INTEGRATOR LTD	4984
Vakrangee Softwares Limited	2502
Vansh Infotech Pvt Ltd	1
Vayam technologies Ltd	932
Vedavaag Systems Limited	919
Viesa Technologies	3
Virinchi Technologies Ltd	2233
WEBEL	4
WEBEL TECHNOLOGY LIMITED	2146
Webx Technologies Private Limited	1
Wedha Communication Pvt Ltd	75
Wipro Ltd	7178
Women and Child Development	1096
YES Bank Limited	38
Yash Computers	763
Yash Ornaments Pvt. Ltd	2102
Yashi Informatics LLP	532
Youth Infosolutions Pvt. Ltd.	3601
Yuvaan Infotech	2308
Zephyr System Pvt.Ltd.	3030
district Health& Family Welfare Society Sirsa	20
e-Seva Society  Chhotaudepur	538
e-Seva Society UID Dang	67
eCentric solutions pvt ltd	22
i-Grandee SoftwareTechnologies	2
1516523038
