1516338196
NULL	1
Andaman and Nicobar Islands	757
Andhra Pradesh	22283
Arunachal Pradesh	6084
Assam	19338
Bihar	136048
Chandigarh	1471
Chhattisgarh	12890
Dadra and Nagar Haveli	346
Daman and Diu	286
Delhi	11488
Goa	1286
Gujarat	73558
Haryana	9842
Himachal Pradesh	3220
Jammu and Kashmir	33295
Jharkhand	16996
Karnataka	67647
Kerala	47864
Lakshadweep	103
Madhya Pradesh	48075
Maharashtra	83684
Manipur	8237
Meghalaya	17561
Mizoram	4386
Nagaland	2967
Odisha	42105
Others	433
Puducherry	768
Punjab	25918
Rajasthan	72175
Sikkim	226
Tamil Nadu	72046
Telangana	17706
Tripura	2402
Uttar Pradesh	186166
Uttarakhand	3777
West Bengal	80631
1516338281
