(u'Dakshin Dinajpur', u'F') 694
(u'Thiruvananthapuram', u'F') 1371
(u'Cooch Behar', u'F') 1133
(u'Hyderabad', u'F') 2192
(u'East Singhbhum', u'F') 827
(u'Rae Bareli', u'F') 1151
(u'Sukma', u'F') 58
(u'Lucknow', u'F') 3846
(u'Jalpaiguri', u'F') 2003
(u'Mamit', u'F') 233
(u'Mathura', u'F') 1977
(u'Imphal West', u'F') 389
(u'Deoghar', u'F') 319
(u'Beed', u'F') 1068
(u'Cachar', u'F') 339
(u'Ariyalur', u'F') 208
(u'Pakur', u'F') 253
(u'Dharwad', u'F') 728
(u'Mon', u'F') 219
(u'Jaintia Hills', u'F') 1378
(u'Gwalior', u'F') 882
(u'Indore', u'F') 1956
(u'West Sikkim', u'F') 38
(u'Senapati', u'F') 594
(u'Bikaner', u'F') 1607
(u'Nagaur', u'F') 1969
(u'Mahasamund', u'F') 223
(u'Hanumangarh', u'F') 622
(u'Ballari', u'F') 1049
(u'Ratlam', u'F') 386
(u'Kangra', u'F') 218
(u'Sundergarh', u'F') 1248
(u'Munger', u'F') 1171
(u'Chikkaballapur', u'F') 372
(u'Karaikal', u'F') 111
(u'Udaipur', u'F') 1578
(u'Shahdol', u'F') 372
(u'Visakhapatnam', u'F') 1059
(u'Haveri', u'F') 851
(u'Lalitpur', u'F') 419
(u'Thane', u'F') 2846
(u'Hapur', u'F') 205
(u'Sirmaur', u'F') 164
(u'Sheopur', u'F') 375
(u'Krishnagiri', u'F') 738
(u'The Dangs', u'F') 67
(u'Kheri', u'F') 1500
(u'Mahabubnagar', u'F') 639
(u'Bangalore Rural', u'F') 475
(u'Bhiwani', u'F') 217
(u'Patna', u'F') 3906
(u'Yavatmal', u'F') 1100
(u'Virudhunagar', u'F') 468
(u'Bemetara', u'F') 174
(u'Kargil', u'F') 232
(u'Shimla', u'F') 216
(u'Morbi', u'F') 527
(u'Sonbhadra', u'F') 335
(u'Bhojpur', u'F') 4289
(u'Devbhumi Dwarka', u'F') 409
(u'Kheda', u'F') 1312
(u'Pithoragarh', u'F') 65
(u'Kishtwar', u'F') 117
(u'West Jaintia Hills', u'F') 744
(u'Jhajjar', u'F') 141
(u'North Sikkim', u'F') 11
(u'South West Khasi Hills', u'F') 148
(u'South Tripura', u'F') 120
(u'Zunheboto', u'F') 59
(u'Gir Somnath', u'F') 345
(u'Kupwara', u'F') 1426
(u'Etah', u'F') 1228
(u'Dausa', u'F') 869
(u'Singrauli', u'F') 352
(u'Bhadrak', u'F') 633
(u'Goalpara', u'F') 57
(u'Paschim Medinipur', u'F') 3312
(u'North And Middle Andaman', u'F') 186
(u'Udalguri', u'F') 146
(u'Panchkula', u'F') 167
(u'Jhunjhunun', u'F') 1451
(u'Hojai', u'F') 32
(u'Coimbatore', u'F') 2297
(u'Tikamgarh', u'F') 665
(u'Davangere', u'F') 904
(u'Mau', u'F') 1512
(u'Budgam', u'F') 955
(u'Fatehgarh Sahib', u'F') 312
(u'Moradabad', u'F') 993
(u'Seraikela-Kharsawan', u'F') 275
(u'South Sikkim', u'F') 36
(u'Shivamogga', u'F') 1017
(u'Sitamarhi', u'F') 1810
(u'Mandsaur', u'F') 256
(u'Birbhum', u'F') 1664
(u'Khowai', u'F') 113
(u'West Tripura', u'F') 318
(u'Bharuch', u'F') 880
(u'Jajapur', u'F') 652
(u'Gurgaon', u'F') 607
(u'Tawang', u'F') 136
(u'Dhar', u'F') 920
(u'Tonk', u'F') 628
(u'Bareilly', u'F') 1643
(u'Perambalur', u'F') 108
(u'West Godavari', u'F') 712
(u'Firozabad', u'F') 1385
(u'Srikakulam', u'F') 526
(u'Dakshina Kannada', u'F') 1262
(u'Kottayam', u'F') 814
(u'Rohtas', u'F') 2405
(u'Prakasam', u'F') 591
(u'East Kameng', u'F') 114
(u'Ajmer', u'F') 1394
(u'Kokrajhar', u'F') 102
(u'Kurung Kumey', u'F') 100
(u'Aligarh', u'F') 1739
(u'Kinnaur', u'F') 13
(u'Nadia', u'F') 2810
(u'Jalgaon', u'F') 1873
(u'Puri', u'F') 543
(u'Chhindwara', u'F') 531
(u'Khandwa', u'F') 301
(u'Jagatsinghapur', u'F') 323
(u'Siddharthnagar', u'F') 1742
(u'Sagar', u'F') 779
(u'Punch', u'F') 1719
(u'Lahul and Spiti', u'F') 7
(u'Kamrup', u'F') 179
(u'Jalaun', u'F') 660
(u'East Delhi', u'F') 810
(u'Chamoli', u'F') 49
(u'Kapurthala', u'F') 408
(u'Malda', u'F') 1879
(u'Howrah', u'F') 2332
(u'Kanyakumari', u'F') 511
(u'Banka', u'F') 881
(u'North Goa', u'F') 319
(u'Dindigul', u'F') 801
(u'Malkangiri', u'F') 1011
(u'East Godavari', u'F') 1070
(u'Bharatpur', u'F') 2114
(u'Azamgarh', u'F') 2576
(u'Kannur', u'F') 2120
(u'Chamrajanagar', u'F') 494
(u'Jodhpur', u'F') 2292
(u'Bhavnagar', u'F') 972
(u'Banda', u'F') 408
(u'Ganjam', u'F') 1387
(u'Bankura', u'F') 1549
(u'Tehri Garhwal', u'F') 69
(u'Madhubani', u'F') 1989
(u'Patiala', u'F') 636
(u'Hassan', u'F') 723
(u'Ananthapuramu', u'F') 804
(u'Gandhinagar', u'F') 1227
(u'Mahisagar', u'F') 513
(u'Dhubri', u'F') 179
(u'Bastar', u'F') 179
(u'Ri Bhoi', u'F') 1076
(u'East Siang', u'F') 129
(u'Hardoi', u'F') 1311
(u'Anuppur', u'F') 211
(u'Bijnor', u'F') 769
(u'Baghpat', u'F') 772
(u'Rohtak', u'F') 164
(u'Balangir', u'F') 859
(u'Ganderbal', u'F') 599
(u'Moga', u'F') 520
(u'West Kameng', u'F') 143
(u'Dhamtari', u'F') 161
(u'Vadodara', u'F') 2617
(u'North Tripura', u'F') 152
(u'Vellore', u'F') 1489
(u'Meerut', u'F') 983
(u'Upper Subansiri', u'F') 186
(u'Ballia', u'F') 1436
(u'Rajkot', u'F') 1606
(u'Ferozepur', u'F') 323
(u'Hoshiarpur', u'F') 848
(u'Bengaluru', u'F') 9045
(u'Rewa', u'F') 856
(u'Ambedkar Nagar', u'F') 1702
(u'Namsai', u'F') 232
(u'Thoothukkudi', u'F') 393
(u'Barwani', u'F') 647
(u'Chittoor', u'F') 845
(u'Jehanabad', u'F') 854
(u'Sirohi', u'F') 627
(u'Sindhudurg', u'F') 351
(u'Korba', u'F') 225
(u'Chennai', u'F') 2634
(u'Agra', u'F') 2848
(u'Baleswar', u'F') 832
(u'Bulandshahr', u'F') 1854
(u'West Champaran', u'F') 2571
(u'Raipur', u'F') 806
(u'Osmanabad', u'F') 867
(u'Serchhip', u'F') 40
(u'SAS Nagar (Mohali)', u'F') 735
(u'Narmada', u'F') 373
(u'Yadgir', u'F') 572
(u'Lawngtlai', u'F') 452
(u'Namakkal', u'F') 670
(u'Surguja', u'F') 310
(u'Sitapur', u'F') 1222
(u'The Nilgiris', u'F') 290
(u'Mewat', u'F') 376
(u'North Delhi', u'F') 280
(u'Ambala', u'F') 150
(u'Narsinghpur', u'F') 352
(u'Ahmedabad', u'F') 5414
(u'West Siang', u'F') 155
(u'Baloda Bazar', u'F') 441
(u'Kota', u'F') 1129
(u'East Champaran', u'F') 5622
(u'Shrawasti', u'F') 1855
(u'Saharanpur', u'F') 754
(u'Kodagu', u'F') 299
(u'Saran', u'F') 2889
(u'Akola', u'F') 975
(u'Amritsar', u'F') 997
(u'Khammam', u'F') 553
(u'Pudukkottai', u'F') 546
(u'Jamnagar', u'F') 899
(u'Khargone', u'F') 763
(u'Lohardaga', u'F') 147
(u'Mahendragarh', u'F') 140
(u'Rudraprayag', u'F') 21
(u'Gariyaband', u'F') 90
(u'Palamu', u'F') 334
(u'Khorda', u'F') 811
(u'Gaya', u'F') 2970
(u'Wardha', u'F') 370
(u'Kurnool', u'F') 830
(u'Bishnupur', u'F') 349
(u'Angul', u'F') 573
(u'Faridabad', u'F') 600
(u'Leh', u'F') 163
(u'Chandauli', u'F') 722
(u'Karur', u'F') 521
(u'Jharsuguda', u'F') 312
(u'Imphal East', u'F') 577
(u'Palakkad', u'F') 1024
(u'Aurangabad', u'F') 3034
(u'Lakhisarai', u'F') 748
(u'Gadchiroli', u'F') 257
(u'Dibrugarh', u'F') 249
(u'Kulgam', u'F') 371
(u'Rajnandgaon', u'F') 374
(u'Gopalganj', u'F') 1940
(u'Panna', u'F') 330
(u'Gonda', u'F') 2322
(u'Sidhi', u'F') 588
(u'Doda', u'F') 237
(u'Dadra and Nagar Haveli', u'F') 167
(u'Godda', u'F') 231
(u'North East Delhi', u'F') 651
(u'Seoni', u'F') 234
(u'Kendujhar', u'F') 993
(u'Muzaffarnagar', u'F') 1347
(u'Tiruvallur', u'F') 2533
(u'Nellore', u'F') 1047
(u'Karimnagar', u'F') 573
(u'Kaushambi', u'F') 647
(u'Tiruchirappalli', u'F') 963
(u'Kohima', u'F') 158
(u'Ratnagiri', u'F') 647
(u'Latur', u'F') 637
(u'Arvalli', u'F') 444
(u'Karauli', u'F') 970
(u'Thrissur', u'F') 2181
(u'Ramgarh', u'F') 202
(u'Hathras', u'F') 924
(u'Baksa', u'F') 66
(u'Dimapur', u'F') 202
(u'Mandya', u'F') 807
(u'Ukhrul', u'F') 280
(u'Rajgarh', u'F') 767
(u'Valsad', u'F') 684
(u'Sultanpur', u'F') 1319
(u'Ganganagar', u'F') 857
(u'Ahmadnagar', u'F') 1246
(u'Jhabua', u'F') 673
(u'Giridih', u'F') 716
(u'Koderma', u'F') 169
(u'Yamuna Nagar', u'F') 159
(u'Kalaburagi', u'F') 1403
(u'Dungarpur', u'F') 412
(u'Fatehpur', u'F') 2388
(u'Erode', u'F') 902
(u'Sheohar', u'F') 511
(u'East Garo Hills', u'F') 586
(u'Palghar', u'F') 1565
(u'Amreli', u'F') 620
(u'Khunti', u'F') 109
(u'Kanpur Dehat', u'F') 452
(u'Burhanpur', u'F') 421
(u'Belagavi', u'F') 2215
(u'Kozhikode', u'F') 1168
(u'Durg', u'F') 392
(u'Reasi', u'F') 336
(u'Supaul', u'F') 1645
(u'Dharmapuri', u'F') 589
(u'Porbandar', u'F') 210
(u'Siang', u'F') 99
(u'Ghazipur', u'F') 2075
(u'Navsari', u'F') 711
(u'Mansa', u'F') 333
(u'Chamba', u'F') 89
(u'Jamtara', u'F') 143
(u'Phek', u'F') 72
(u'Bahraich', u'F') 2629
(u'Siwan', u'F') 4160
(u'Gondiya', u'F') 373
(u'Bhandara', u'F') 254
(u'Uttar Dinajpur', u'F') 1257
(u'Hoshangabad', u'F') 290
(u'Jorhat', u'F') 79
(u'Kishanganj', u'F') 1451
(u'Sambhal', u'F') 1010
(u'Lower Subansiri', u'F') 82
(u'Kaithal', u'F') 102
(u'Aizawl', u'F') 377
(u'Hailakandi', u'F') 47
(u'Karnal', u'F') 255
(u'Kabeerdham', u'F') 60
(u'Malappuram', u'F') 1925
(u'Bidar', u'F') 787
(u'Bathinda', u'F') 652
(u'Bhind', u'F') 840
(u'Mainpuri', u'F') 1088
(u'Marigaon', u'F') 32
(u'Tiruvannamalai', u'F') 512
(u'Madurai', u'F') 1117
(u'Mandla', u'F') 214
(u'Boudh', u'F') 278
(u'Pilibhit', u'F') 496
(u'Mysuru', u'F') 1237
(u'Cuddalore', u'F') 1147
(u'North Cachar Hills', u'F') 22
(u'Tinsukia', u'F') 212
(u'Narayanpur', u'F') 28
(u'Sibsagar', u'F') 88
(u'Nicobar', u'F') 10
(u'Changlang', u'F') 542
(u'Bijapur', u'F') 79
(u'Mokokchung', u'F') 52
(u'West Delhi', u'F') 848
(u'Anantnag', u'F') 1356
(u'Surajpur', u'F') 205
(u'Dewas', u'F') 639
(u'Golaghat', u'F') 73
(u'Araria', u'F') 2303
(u'Kushinagar', u'F') 1227
(u'Jaisalmer', u'F') 354
(u'Farrukhabad', u'F') 795
(u'Raigarh', u'F') 1591
(u'Varanasi', u'F') 1107
(u'Hooghly', u'F') 2283
(u'Sri Muktsar Sahib', u'F') 266
(u'Koppal', u'F') 584
(u'Jalandhar', u'F') 835
(u'Kalahandi', u'F') 838
(u'Umaria', u'F') 136
(u'Kathua', u'F') 473
(u'Nalbari', u'F') 39
(u'Raichur', u'F') 1340
(u'Kurukshetra', u'F') 120
(u'Bongaigaon', u'F') 101
(u'Gorakhpur', u'F') 2781
(u'Kanpur Nagar', u'F') 2149
(u'Shaheed Bhagat Singh Nagar', u'F') 543
(u'Buldhana', u'F') 1222
(u'Vizianagaram', u'F') 685
(u'Nuapada', u'F') 320
(u'Almora', u'F') 60
(u'Mandi', u'F') 264
(u'Bhilwara', u'F') 1298
(u'Tapi', u'F') 176
(u'Udham Singh Nagar', u'F') 296
(u'Kannauj', u'F') 916
(u'Nalanda', u'F') 1970
(u'Jamui', u'F') 962
(u'Damoh', u'F') 425
(u'Tarn Taran', u'F') 680
(u'Salem', u'F') 1036
(u'Dhemaji', u'F') 144
(u'Vaishali', u'F') 2637
(u'Allahabad', u'F') 2554
(u'Shamli', u'F') 545
(u'Dakshin Bastar Dantewada', u'F') 61
(u'Sikar', u'F') 1722
(u'Sant Ravidas Nagar', u'F') 673
(u'Longleng', u'F') 44
(u'Kawardha', u'F') 111
(u'Baramula', u'F') 2264
(u'Thoubal', u'F') 754
(u'Sivaganga', u'F') 596
(u'Anand', u'F') 1412
(u'Kandhamal', u'F') 769
(u'Mumbai Suburban', u'F') 3444
(u'Begusarai', u'F') 2209
(u'Kullu', u'F') 103
(u'Shahjahanpur', u'F') 1073
(u'Ranchi', u'F') 1236
(u'Katihar', u'F') 1869
(u'Dholpur', u'F') 796
(u'Pathanamthitta', u'F') 355
(u'Kamrup Metro', u'F') 799
(u'Kanker', u'F') 104
(u'South Goa', u'F') 221
(u'Maharajganj', u'F') 1052
(u'Jaipur', u'F') 5363
(u'Gurdaspur', u'F') 559
(u'Rajouri', u'F') 1102
(u'Unnao', u'F') 1272
(u'West Garo Hills', u'F') 1613
(u'Cuddapah', u'F') 712
(u'Ludhiana', u'F') 1475
(u'Jhalawar', u'F') 661
(u'Rayagada', u'F') 619
(u'Budaun', u'F') 2429
(u'Dhalai', u'F') 126
(u'Alwar', u'F') 1633
(u'Palwal', u'F') 160
(u'Barddhaman', u'F') 3951
(u'North West Delhi', u'F') 1015
(u'Alappuzha', u'F') 762
(u'Solan', u'F') 141
(u'Rampur', u'F') 662
(u'Anjaw', u'F') 66
(u'Sambalpur', u'F') 598
(u'Darjeeling', u'F') 1323
(u'Sheikhpura', u'F') 738
(u'Idukki', u'F') 349
(u'Chhotaudepur', u'F') 553
(u'Hingoli', u'F') 341
(u'Udupi', u'F') 498
(u'Tirap', u'F') 75
(u'Bokaro', u'F') 540
(u'Bundi', u'F') 630
(u'Basti', u'F') 1334
(u'Tirunelveli', u'F') 1086
(u'Janjgir-champa', u'F') 526
(u'Champhai', u'F') 328
(u'Jalna', u'F') 746
(u'Diu', u'F') 41
(u'Junagadh', u'F') 822
(u'Dantewada', u'F') 29
(u'Kendrapara', u'F') 801
(u'Kollam', u'F') 937
(u'Samba', u'F') 166
(u'Pune', u'F') 6363
(u'South Delhi', u'F') 1353
(u'Surat', u'F') 2817
(u'Mayurbhanj', u'F') 1410
(u'Others', u'F') 321
(u'Fazilka', u'F') 202
(u'Murshidabad', u'F') 2522
(u'Dibang Valley', u'F') 14
(u'Ramban', u'F') 195
(u'Bandipore', u'F') 673
(u'Betul', u'F') 374
(u'Puducherry', u'F') 258
(u'Gadag', u'F') 461
(u'North 24 Parganas', u'F') 5793
(u'Chatra', u'F') 265
(u'Balaghat', u'F') 493
(u'Nandurbar', u'F') 293
(u'Nashik', u'F') 2092
(u'Datia', u'F') 278
(u'Jind', u'F') 148
(u'Papum Pare', u'F') 271
(u'Chittorgarh', u'F') 550
(u'South Garo Hills', u'F') 165
(u'Nizamabad', u'F') 419
(u'Banaskantha', u'F') 3050
(u'Faizabad', u'F') 775
(u'Sawai Madhopur', u'F') 565
(u'Gautam Buddha Nagar', u'F') 1731
(u'Daman', u'F') 101
(u'K.v. Rangareddy', u'F') 1600
(u'Tumakuru', u'F') 1020
(u'Kasganj', u'F') 431
(u'Koriya', u'F') 158
(u'Nagaon', u'F') 59
(u'Alirajpur', u'F') 736
(u'Bilaspur', u'F') 593
(u'Sabarkantha', u'F') 994
(u'Darrang', u'F') 54
(u'Mahesana', u'F') 1152
(u'Kiphire', u'F') 135
(u'East Khasi Hills', u'F') 6623
(u'Amethi', u'F') 985
(u'Kolar', u'F') 751
(u'Jabalpur', u'F') 693
(u'Panchmahals', u'F') 635
(u'Muzaffarpur', u'F') 3661
(u'Nabarangapur', u'F') 665
(u'Cuttack', u'F') 1366
(u'Hazaribagh', u'F') 489
(u'Gajapati', u'F') 281
(u'Bara Banki', u'F') 896
(u'Ernakulam', u'F') 1180
(u'Pali', u'F') 905
(u'Puruliya', u'F') 1747
(u'Karimganj', u'F') 96
(u'Champawat', u'F') 50
(u'Purba Medinipur', u'F') 1936
(u'Bageshwar', u'F') 21
(u'Tiruppur', u'F') 1214
(u'Nainital', u'F') 141
(u'Kancheepuram', u'F') 2941
(u'Sehore', u'F') 680
(u'Haridwar', u'F') 346
(u'Jammu', u'F') 1007
(u'Pathankot', u'F') 221
(u'South Andaman', u'F') 164
(u'Raisen', u'F') 601
(u'Pauri Garhwal', u'F') 148
(u'Koraput', u'F') 1460
(u'Sonipat', u'F') 199
(u'Satna', u'F') 824
(u'Chitrakoot', u'F') 361
(u'Madhepura', u'F') 1200
(u'Faridkot', u'F') 152
(u'Darbhanga', u'F') 2134
(u'Lohit', u'F') 101
(u'Chhatarpur', u'F') 824
(u'Thanjavur', u'F') 1260
(u'Sangli', u'F') 1120
(u'Central Delhi', u'F') 406
(u'Dindori', u'F') 111
(u'Bhopal', u'F') 1077
(u'Neemuch', u'F') 234
(u'Solapur', u'F') 1835
(u'Dahod', u'F') 1517
(u'Medak', u'F') 539
(u'Sepahijala', u'F') 170
(u'Dehradun', u'F') 456
(u'Upper Siang', u'F') 248
(u'Gomati', u'F') 105
(u'Chikkamagaluru', u'F') 485
(u'Gumla', u'F') 328
(u'Kolasib', u'F') 186
(u'Peren', u'F') 52
(u'Kachchh', u'F') 1670
(u'Chandel', u'F') 166
(u'Una', u'F') 88
(u'Amravati', u'F') 1117
(u'Deoria', u'F') 1645
(u'Sirsa', u'F') 238
(u'Chitradurga', u'F') 631
(u'Wokha', u'F') 79
(u'Unakoti', u'F') 83
(u'Lower Dibang Valley', u'F') 90
(u'Mungeli', u'F') 186
(u'Saharsa', u'F') 1810
(u'Kolkata', u'F') 2949
(u'Nayagarh', u'F') 313
(u'Guntur', u'F') 1039
(u'Rewari', u'F') 186
(u'Amroha', u'F') 529
(u'Chirang', u'F') 66
(u'Lunglei', u'F') 458
(u'Vidisha', u'F') 610
(u'Dumka', u'F') 256
(u'Bagalkot', u'F') 966
(u'Sangrur', u'F') 666
(u'Barpeta', u'F') 147
(u'Sant Kabir Nagar', u'F') 778
(u'East Sikkim', u'F') 39
(u'Purnia', u'F') 1435
(u'Fatehabad', u'F') 199
(u'Kasaragod', u'F') 797
(u'Latehar', u'F') 202
(u'Vijayapura', u'F') 1253
(u'Balrampur', u'F') 1558
(u'Villupuram', u'F') 1074
(u'Uttar Bastar Kanker', u'F') 42
(u'Garhwa', u'F') 270
(u'Mumbai City', u'F') 1684
(u'Lakhimpur', u'F') 220
(u'Sahebganj', u'F') 152
(u'Simdega', u'F') 153
(u'Karbi Anglong', u'F') 82
(u'Harda', u'F') 161
(u'Patan', u'F') 591
(u'Tamenglong', u'F') 282
(u'Debagarh', u'F') 147
(u'Ghaziabad', u'F') 1956
(u'Satara', u'F') 1229
(u'Barnala', u'F') 230
(u'Morena', u'F') 637
(u'Rupnagar', u'F') 299
(u'Chandigarh', u'F') 722
(u'Ramanagar', u'F') 324
(u'Chandrapur', u'F') 769
(u'Mirzapur', u'F') 812
(u'Nanded', u'F') 1224
(u'Barmer', u'F') 1033
(u'Arwal', u'F') 212
(u'West Singhbhum', u'F') 450
(u'Krishna', u'F') 851
(u'Jaunpur', u'F') 2111
(u'Washim', u'F') 416
(u'Khagaria', u'F') 1333
(u'Uttara Kannada', u'F') 666
(u'Warangal', u'F') 740
(u'Pratapgarh', u'F') 1766
(u'New Delhi', u'F') 66
(u'Nawada', u'F') 2120
(u'Etawah', u'F') 435
(u'Wayanad', u'F') 226
(u'Churu', u'F') 1173
(u'Auraiya', u'F') 557
(u'Theni', u'F') 566
(u'Udhampur', u'F') 383
(u'Nalgonda', u'F') 522
(u'Hamirpur', u'F') 466
(u'Dhenkanal', u'F') 499
(u'Nagpur', u'F') 1167
(u'Uttarkashi', u'F') 33
(u'South 24 Parganas', u'F') 4460
(u'Bargarh', u'F') 574
(u'Banswara', u'F') 450
(u'Shivpuri', u'F') 572
(u'Srinagar', u'F') 4539
(u'Jhansi', u'F') 578
(u'Surendra Nagar', u'F') 801
(u'Ashok Nagar', u'F') 349
(u'Dhule', u'F') 839
(u'Nagapattinam', u'F') 929
(u'Buxar', u'F') 1425
(u'Sonapur', u'F') 230
(u'Jashpur', u'F') 183
(u'Guna', u'F') 409
(u'Parbhani', u'F') 674
(u'Churachandpur', u'F') 608
(u'Ramanathapuram', u'F') 700
(u'Pulwama', u'F') 1060
(u'Katni', u'F') 452
(u'Samastipur', u'F') 3774
(u'Lakshadweep', u'F') 38
(u'Ujjain', u'F') 603
(u'Botad', u'F') 254
(u'Kondagaon', u'F') 303
(u'Longding', u'F') 207
(u'Mahoba', u'F') 354
(u'Thiruvarur', u'F') 799
(u'Bhagalpur', u'F') 1497
(u'Adilabad', u'F') 344
(u'Kolhapur', u'F') 1719
(u'Sonitpur', u'F') 345
(u'South West Delhi', u'F') 626
(u'Dhanbad', u'F') 653
(u'Tuensang', u'F') 319
(u'Rajsamand', u'F') 637
(u'Kaimur (Bhabua)', u'F') 623
(u'Shupiyan', u'F') 125
(u'Panipat', u'F') 186
(u'Saiha', u'F') 118
(u'Shajapur', u'F') 463
(u'Hisar', u'F') 320
(u'Balod', u'F') 176
(u'West Khasi Hills', u'F') 708
(u'Jalor', u'F') 875
(u'Baran', u'F') 644